TN:
SF:src/app.controller.ts
FN:6,(anonymous_2)
FNF:1
FNH:0
FNDA:0,(anonymous_2)
DA:1,0
DA:4,0
DA:6,0
DA:7,0
LF:4
LH:0
BRF:0
BRH:0
end_of_record
TN:
SF:src/app.module.ts
FNF:0
FNH:0
DA:1,0
DA:2,0
DA:3,0
DA:10,0
LF:4
LH:0
BRF:0
BRH:0
end_of_record
TN:
SF:src/main.ts
FN:5,bootstrap
FNF:1
FNH:0
FNDA:0,bootstrap
DA:1,0
DA:2,0
DA:3,0
DA:6,0
DA:7,0
DA:14,0
DA:16,0
LF:7
LH:0
BRF:0
BRH:0
end_of_record
TN:
SF:src/movies/movies.controller.ts
FN:18,(anonymous_4)
FN:20,(anonymous_5)
FN:25,(anonymous_6)
FN:30,(anonymous_7)
FN:35,(anonymous_8)
FN:41,(anonymous_9)
FN:46,(anonymous_10)
FNF:7
FNH:0
FNDA:0,(anonymous_4)
FNDA:0,(anonymous_5)
FNDA:0,(anonymous_6)
FNDA:0,(anonymous_7)
FNDA:0,(anonymous_8)
FNDA:0,(anonymous_9)
FNDA:0,(anonymous_10)
DA:1,0
DA:11,0
DA:12,0
DA:13,0
DA:14,0
DA:17,0
DA:18,0
DA:20,0
DA:21,0
DA:25,0
DA:26,0
DA:30,0
DA:31,0
DA:35,0
DA:36,0
DA:37,0
DA:41,0
DA:42,0
DA:46,0
DA:47,0
LF:20
LH:0
BRF:0
BRH:0
end_of_record
TN:
SF:src/movies/movies.module.ts
FNF:0
FNH:0
DA:1,0
DA:2,0
DA:3,0
DA:10,0
LF:4
LH:0
BRF:0
BRH:0
end_of_record
TN:
SF:src/movies/movies.service.ts
FN:7,(anonymous_1)
FN:10,(anonymous_2)
FN:14,(anonymous_3)
FN:15,(anonymous_4)
FN:23,(anonymous_5)
FN:25,(anonymous_6)
FN:29,(anonymous_7)
FN:36,(anonymous_8)
FNF:8
FNH:8
FNDA:9,(anonymous_1)
FNDA:5,(anonymous_2)
FNDA:8,(anonymous_3)
FNDA:5,(anonymous_4)
FNDA:3,(anonymous_5)
FNDA:2,(anonymous_6)
FNDA:4,(anonymous_7)
FNDA:2,(anonymous_8)
DA:1,1
DA:7,1
DA:8,9
DA:11,5
DA:15,8
DA:16,8
DA:17,3
DA:20,5
DA:24,3
DA:25,2
DA:26,2
DA:30,4
DA:37,2
DA:38,1
DA:39,1
LF:15
LH:15
BRDA:16,0,0,3
BRF:1
BRH:1
end_of_record
TN:
SF:src/movies/dto/create-movie.dto.ts
FNF:0
FNH:0
DA:1,0
DA:3,0
DA:5,0
DA:8,0
DA:12,0
LF:5
LH:0
BRF:0
BRH:0
end_of_record
TN:
SF:src/movies/dto/update-movie.dto.ts
FNF:0
FNH:0
DA:1,0
DA:2,0
DA:4,0
LF:3
LH:0
BRF:0
BRH:0
end_of_record
TN:
SF:src/movies/entities/movie.entity.ts
FNF:0
FNH:0
DA:1,0
LF:1
LH:0
BRF:0
BRH:0
end_of_record
